Analysis & Synthesis report for Proyecto
Wed Sep 08 11:51:50 2021
Quartus II 64-Bit Version 13.1.0 Build 162 10/23/2013 SJ Web Edition


---------------------
; Table of Contents ;
---------------------
  1. Legal Notice
  2. Analysis & Synthesis Summary
  3. Analysis & Synthesis Settings
  4. Parallel Compilation
  5. Analysis & Synthesis Source Files Read
  6. Analysis & Synthesis Resource Usage Summary
  7. Analysis & Synthesis Resource Utilization by Entity
  8. General Register Statistics
  9. Multiplexer Restructuring Statistics (Restructuring Performed)
 10. Port Connectivity Checks: "selector:selector|decen_uni:decen_uni_suma"
 11. Port Connectivity Checks: "selector:selector|mayor_o_menor:decision"
 12. Port Connectivity Checks: "selector:selector|multiply:multiplication|sum4bits:adittion_3"
 13. Port Connectivity Checks: "selector:selector|multiply:multiplication|sum4bits:adittion_2"
 14. Port Connectivity Checks: "selector:selector|multiply:multiplication|sum4bits:adittion_1"
 15. Port Connectivity Checks: "selector:selector|sum4bits:substraction"
 16. Port Connectivity Checks: "selector:selector|sum4bits:adittion"
 17. Elapsed Time Per Partition
 18. Analysis & Synthesis Messages



----------------
; Legal Notice ;
----------------
Copyright (C) 1991-2013 Altera Corporation
Your use of Altera Corporation's design tools, logic functions 
and other software and tools, and its AMPP partner logic 
functions, and any output files from any of the foregoing 
(including device programming or simulation files), and any 
associated documentation or information are expressly subject 
to the terms and conditions of the Altera Program License 
Subscription Agreement, Altera MegaCore Function License 
Agreement, or other applicable license agreement, including, 
without limitation, that your use is for the sole purpose of 
programming logic devices manufactured by Altera and sold by 
Altera or its authorized distributors.  Please refer to the 
applicable agreement for further details.



+---------------------------------------------------------------------------------+
; Analysis & Synthesis Summary                                                    ;
+------------------------------------+--------------------------------------------+
; Analysis & Synthesis Status        ; Successful - Wed Sep 08 11:51:50 2021      ;
; Quartus II 64-Bit Version          ; 13.1.0 Build 162 10/23/2013 SJ Web Edition ;
; Revision Name                      ; Proyecto                                   ;
; Top-level Entity Name              ; calculator                                 ;
; Family                             ; Cyclone III                                ;
; Total logic elements               ; 130                                        ;
;     Total combinational functions  ; 130                                        ;
;     Dedicated logic registers      ; 0                                          ;
; Total registers                    ; 0                                          ;
; Total pins                         ; 38                                         ;
; Total virtual pins                 ; 0                                          ;
; Total memory bits                  ; 0                                          ;
; Embedded Multiplier 9-bit elements ; 0                                          ;
; Total PLLs                         ; 0                                          ;
+------------------------------------+--------------------------------------------+


+----------------------------------------------------------------------------------------------------------------------+
; Analysis & Synthesis Settings                                                                                        ;
+----------------------------------------------------------------------------+--------------------+--------------------+
; Option                                                                     ; Setting            ; Default Value      ;
+----------------------------------------------------------------------------+--------------------+--------------------+
; Device                                                                     ; EP3C16F484C6       ;                    ;
; Top-level entity name                                                      ; calculator         ; Proyecto           ;
; Family name                                                                ; Cyclone III        ; Cyclone IV GX      ;
; Use smart compilation                                                      ; Off                ; Off                ;
; Enable parallel Assembler and TimeQuest Timing Analyzer during compilation ; On                 ; On                 ;
; Enable compact report table                                                ; Off                ; Off                ;
; Restructure Multiplexers                                                   ; Auto               ; Auto               ;
; Create Debugging Nodes for IP Cores                                        ; Off                ; Off                ;
; Preserve fewer node names                                                  ; On                 ; On                 ;
; Disable OpenCore Plus hardware evaluation                                  ; Off                ; Off                ;
; Verilog Version                                                            ; Verilog_2001       ; Verilog_2001       ;
; VHDL Version                                                               ; VHDL_1993          ; VHDL_1993          ;
; State Machine Processing                                                   ; Auto               ; Auto               ;
; Safe State Machine                                                         ; Off                ; Off                ;
; Extract Verilog State Machines                                             ; On                 ; On                 ;
; Extract VHDL State Machines                                                ; On                 ; On                 ;
; Ignore Verilog initial constructs                                          ; Off                ; Off                ;
; Iteration limit for constant Verilog loops                                 ; 5000               ; 5000               ;
; Iteration limit for non-constant Verilog loops                             ; 250                ; 250                ;
; Add Pass-Through Logic to Inferred RAMs                                    ; On                 ; On                 ;
; Infer RAMs from Raw Logic                                                  ; On                 ; On                 ;
; Parallel Synthesis                                                         ; On                 ; On                 ;
; DSP Block Balancing                                                        ; Auto               ; Auto               ;
; NOT Gate Push-Back                                                         ; On                 ; On                 ;
; Power-Up Don't Care                                                        ; On                 ; On                 ;
; Remove Redundant Logic Cells                                               ; Off                ; Off                ;
; Remove Duplicate Registers                                                 ; On                 ; On                 ;
; Ignore CARRY Buffers                                                       ; Off                ; Off                ;
; Ignore CASCADE Buffers                                                     ; Off                ; Off                ;
; Ignore GLOBAL Buffers                                                      ; Off                ; Off                ;
; Ignore ROW GLOBAL Buffers                                                  ; Off                ; Off                ;
; Ignore LCELL Buffers                                                       ; Off                ; Off                ;
; Ignore SOFT Buffers                                                        ; On                 ; On                 ;
; Limit AHDL Integers to 32 Bits                                             ; Off                ; Off                ;
; Optimization Technique                                                     ; Balanced           ; Balanced           ;
; Carry Chain Length                                                         ; 70                 ; 70                 ;
; Auto Carry Chains                                                          ; On                 ; On                 ;
; Auto Open-Drain Pins                                                       ; On                 ; On                 ;
; Perform WYSIWYG Primitive Resynthesis                                      ; Off                ; Off                ;
; Auto ROM Replacement                                                       ; On                 ; On                 ;
; Auto RAM Replacement                                                       ; On                 ; On                 ;
; Auto DSP Block Replacement                                                 ; On                 ; On                 ;
; Auto Shift Register Replacement                                            ; Auto               ; Auto               ;
; Allow Shift Register Merging across Hierarchies                            ; Auto               ; Auto               ;
; Auto Clock Enable Replacement                                              ; On                 ; On                 ;
; Strict RAM Replacement                                                     ; Off                ; Off                ;
; Allow Synchronous Control Signals                                          ; On                 ; On                 ;
; Force Use of Synchronous Clear Signals                                     ; Off                ; Off                ;
; Auto RAM Block Balancing                                                   ; On                 ; On                 ;
; Auto RAM to Logic Cell Conversion                                          ; Off                ; Off                ;
; Auto Resource Sharing                                                      ; Off                ; Off                ;
; Allow Any RAM Size For Recognition                                         ; Off                ; Off                ;
; Allow Any ROM Size For Recognition                                         ; Off                ; Off                ;
; Allow Any Shift Register Size For Recognition                              ; Off                ; Off                ;
; Use LogicLock Constraints during Resource Balancing                        ; On                 ; On                 ;
; Ignore translate_off and synthesis_off directives                          ; Off                ; Off                ;
; Timing-Driven Synthesis                                                    ; On                 ; On                 ;
; Report Parameter Settings                                                  ; On                 ; On                 ;
; Report Source Assignments                                                  ; On                 ; On                 ;
; Report Connectivity Checks                                                 ; On                 ; On                 ;
; Ignore Maximum Fan-Out Assignments                                         ; Off                ; Off                ;
; Synchronization Register Chain Length                                      ; 2                  ; 2                  ;
; PowerPlay Power Optimization                                               ; Normal compilation ; Normal compilation ;
; HDL message level                                                          ; Level2             ; Level2             ;
; Suppress Register Optimization Related Messages                            ; Off                ; Off                ;
; Number of Removed Registers Reported in Synthesis Report                   ; 5000               ; 5000               ;
; Number of Swept Nodes Reported in Synthesis Report                         ; 5000               ; 5000               ;
; Number of Inverted Registers Reported in Synthesis Report                  ; 100                ; 100                ;
; Clock MUX Protection                                                       ; On                 ; On                 ;
; Auto Gated Clock Conversion                                                ; Off                ; Off                ;
; Block Design Naming                                                        ; Auto               ; Auto               ;
; SDC constraint protection                                                  ; Off                ; Off                ;
; Synthesis Effort                                                           ; Auto               ; Auto               ;
; Shift Register Replacement - Allow Asynchronous Clear Signal               ; On                 ; On                 ;
; Pre-Mapping Resynthesis Optimization                                       ; Off                ; Off                ;
; Analysis & Synthesis Message Level                                         ; Medium             ; Medium             ;
; Disable Register Merging Across Hierarchies                                ; Auto               ; Auto               ;
; Resource Aware Inference For Block RAM                                     ; On                 ; On                 ;
; Synthesis Seed                                                             ; 1                  ; 1                  ;
+----------------------------------------------------------------------------+--------------------+--------------------+


+------------------------------------------+
; Parallel Compilation                     ;
+----------------------------+-------------+
; Processors                 ; Number      ;
+----------------------------+-------------+
; Number detected on machine ; 8           ;
; Maximum allowed            ; 4           ;
;                            ;             ;
; Average used               ; 1.00        ;
; Maximum used               ; 1           ;
;                            ;             ;
; Usage by Processor         ; % Time Used ;
;     Processor 1            ; 100.0%      ;
;     Processors 2-8         ;   0.0%      ;
+----------------------------+-------------+


+--------------------------------------------------------------------------------------------------------------------------------------------------+
; Analysis & Synthesis Source Files Read                                                                                                           ;
+----------------------------------+-----------------+-----------------+-----------------------------------------------------------------+---------+
; File Name with User-Entered Path ; Used in Netlist ; File Type       ; File Name with Absolute Path                                    ; Library ;
+----------------------------------+-----------------+-----------------+-----------------------------------------------------------------+---------+
; calculator.vhd                   ; yes             ; User VHDL File  ; C:/Users/hp/OneDrive/Escritorio/Proyecto_DD/calculator.vhd      ;         ;
; multiply.vhd                     ; yes             ; User VHDL File  ; C:/Users/hp/OneDrive/Escritorio/Proyecto_DD/multiply.vhd        ;         ;
; mayor_o_menor.vhd                ; yes             ; User VHDL File  ; C:/Users/hp/OneDrive/Escritorio/Proyecto_DD/mayor_o_menor.vhd   ;         ;
; bin_to_sseg.vhd                  ; yes             ; User VHDL File  ; C:/Users/hp/OneDrive/Escritorio/Proyecto_DD/bin_to_sseg.vhd     ;         ;
; fullAdder.vhd                    ; yes             ; User VHDL File  ; C:/Users/hp/OneDrive/Escritorio/Proyecto_DD/fullAdder.vhd       ;         ;
; sum4bits.vhd                     ; yes             ; User VHDL File  ; C:/Users/hp/OneDrive/Escritorio/Proyecto_DD/sum4bits.vhd        ;         ;
; selector.vhd                     ; yes             ; User VHDL File  ; C:/Users/hp/OneDrive/Escritorio/Proyecto_DD/selector.vhd        ;         ;
; complements.vhd                  ; yes             ; User VHDL File  ; C:/Users/hp/OneDrive/Escritorio/Proyecto_DD/complements.vhd     ;         ;
; decen_uni.vhd                    ; yes             ; User VHDL File  ; C:/Users/hp/OneDrive/Escritorio/Proyecto_DD/decen_uni.vhd       ;         ;
; bin_to_sseg_ans.vhd              ; yes             ; User VHDL File  ; C:/Users/hp/OneDrive/Escritorio/Proyecto_DD/bin_to_sseg_ans.vhd ;         ;
+----------------------------------+-----------------+-----------------+-----------------------------------------------------------------+---------+


+---------------------------------------------------------------------------------------------------------------------------------+
; Analysis & Synthesis Resource Usage Summary                                                                                     ;
+---------------------------------------------+-----------------------------------------------------------------------------------+
; Resource                                    ; Usage                                                                             ;
+---------------------------------------------+-----------------------------------------------------------------------------------+
; Estimated Total logic elements              ; 130                                                                               ;
;                                             ;                                                                                   ;
; Total combinational functions               ; 130                                                                               ;
; Logic element usage by number of LUT inputs ;                                                                                   ;
;     -- 4 input functions                    ; 96                                                                                ;
;     -- 3 input functions                    ; 18                                                                                ;
;     -- <=2 input functions                  ; 16                                                                                ;
;                                             ;                                                                                   ;
; Logic elements by mode                      ;                                                                                   ;
;     -- normal mode                          ; 122                                                                               ;
;     -- arithmetic mode                      ; 8                                                                                 ;
;                                             ;                                                                                   ;
; Total registers                             ; 0                                                                                 ;
;     -- Dedicated logic registers            ; 0                                                                                 ;
;     -- I/O registers                        ; 0                                                                                 ;
;                                             ;                                                                                   ;
; I/O pins                                    ; 38                                                                                ;
; Embedded Multiplier 9-bit elements          ; 0                                                                                 ;
; Maximum fan-out node                        ; selector:selector|multiply:multiplication|sum4bits:adittion_3|fullAdder:full2|S~2 ;
; Maximum fan-out                             ; 20                                                                                ;
; Total fan-out                               ; 532                                                                               ;
; Average fan-out                             ; 2.58                                                                              ;
+---------------------------------------------+-----------------------------------------------------------------------------------+


+-------------------------------------------------------------------------------------------------------------------------------------------------------------------------------------------------------------------------------------------------------------------+
; Analysis & Synthesis Resource Utilization by Entity                                                                                                                                                                                                               ;
+--------------------------------------------+-------------------+--------------+-------------+--------------+---------+-----------+------+--------------+-------------------------------------------------------------------------------------------+--------------+
; Compilation Hierarchy Node                 ; LC Combinationals ; LC Registers ; Memory Bits ; DSP Elements ; DSP 9x9 ; DSP 18x18 ; Pins ; Virtual Pins ; Full Hierarchy Name                                                                       ; Library Name ;
+--------------------------------------------+-------------------+--------------+-------------+--------------+---------+-----------+------+--------------+-------------------------------------------------------------------------------------------+--------------+
; |calculator                                ; 130 (0)           ; 0 (0)        ; 0           ; 0            ; 0       ; 0         ; 38   ; 0            ; |calculator                                                                               ; work         ;
;    |bin_to_sseg:number_1|                  ; 7 (7)             ; 0 (0)        ; 0           ; 0            ; 0       ; 0         ; 0    ; 0            ; |calculator|bin_to_sseg:number_1                                                          ; work         ;
;    |bin_to_sseg:number_2|                  ; 7 (7)             ; 0 (0)        ; 0           ; 0            ; 0       ; 0         ; 0    ; 0            ; |calculator|bin_to_sseg:number_2                                                          ; work         ;
;    |bin_to_sseg_ans:number_3|              ; 7 (7)             ; 0 (0)        ; 0           ; 0            ; 0       ; 0         ; 0    ; 0            ; |calculator|bin_to_sseg_ans:number_3                                                      ; work         ;
;    |bin_to_sseg_ans:number_4|              ; 7 (7)             ; 0 (0)        ; 0           ; 0            ; 0       ; 0         ; 0    ; 0            ; |calculator|bin_to_sseg_ans:number_4                                                      ; work         ;
;    |selector:selector|                     ; 102 (25)          ; 0 (0)        ; 0           ; 0            ; 0       ; 0         ; 0    ; 0            ; |calculator|selector:selector                                                             ; work         ;
;       |complements:complemento|            ; 4 (4)             ; 0 (0)        ; 0           ; 0            ; 0       ; 0         ; 0    ; 0            ; |calculator|selector:selector|complements:complemento                                     ; work         ;
;       |decen_uni:decen_uni_multiplicacion| ; 25 (25)           ; 0 (0)        ; 0           ; 0            ; 0       ; 0         ; 0    ; 0            ; |calculator|selector:selector|decen_uni:decen_uni_multiplicacion                          ; work         ;
;       |decen_uni:decen_uni_suma|           ; 6 (6)             ; 0 (0)        ; 0           ; 0            ; 0       ; 0         ; 0    ; 0            ; |calculator|selector:selector|decen_uni:decen_uni_suma                                    ; work         ;
;       |mayor_o_menor:decision|             ; 1 (1)             ; 0 (0)        ; 0           ; 0            ; 0       ; 0         ; 0    ; 0            ; |calculator|selector:selector|mayor_o_menor:decision                                      ; work         ;
;       |multiply:multiplication|            ; 30 (6)            ; 0 (0)        ; 0           ; 0            ; 0       ; 0         ; 0    ; 0            ; |calculator|selector:selector|multiply:multiplication                                     ; work         ;
;          |sum4bits:adittion_1|             ; 6 (0)             ; 0 (0)        ; 0           ; 0            ; 0       ; 0         ; 0    ; 0            ; |calculator|selector:selector|multiply:multiplication|sum4bits:adittion_1                 ; work         ;
;             |fullAdder:full1|              ; 2 (2)             ; 0 (0)        ; 0           ; 0            ; 0       ; 0         ; 0    ; 0            ; |calculator|selector:selector|multiply:multiplication|sum4bits:adittion_1|fullAdder:full1 ; work         ;
;             |fullAdder:full2|              ; 2 (2)             ; 0 (0)        ; 0           ; 0            ; 0       ; 0         ; 0    ; 0            ; |calculator|selector:selector|multiply:multiplication|sum4bits:adittion_1|fullAdder:full2 ; work         ;
;             |fullAdder:full3|              ; 2 (2)             ; 0 (0)        ; 0           ; 0            ; 0       ; 0         ; 0    ; 0            ; |calculator|selector:selector|multiply:multiplication|sum4bits:adittion_1|fullAdder:full3 ; work         ;
;          |sum4bits:adittion_2|             ; 11 (0)            ; 0 (0)        ; 0           ; 0            ; 0       ; 0         ; 0    ; 0            ; |calculator|selector:selector|multiply:multiplication|sum4bits:adittion_2                 ; work         ;
;             |fullAdder:full1|              ; 2 (2)             ; 0 (0)        ; 0           ; 0            ; 0       ; 0         ; 0    ; 0            ; |calculator|selector:selector|multiply:multiplication|sum4bits:adittion_2|fullAdder:full1 ; work         ;
;             |fullAdder:full2|              ; 2 (2)             ; 0 (0)        ; 0           ; 0            ; 0       ; 0         ; 0    ; 0            ; |calculator|selector:selector|multiply:multiplication|sum4bits:adittion_2|fullAdder:full2 ; work         ;
;             |fullAdder:full3|              ; 2 (2)             ; 0 (0)        ; 0           ; 0            ; 0       ; 0         ; 0    ; 0            ; |calculator|selector:selector|multiply:multiplication|sum4bits:adittion_2|fullAdder:full3 ; work         ;
;             |fullAdder:full4|              ; 5 (5)             ; 0 (0)        ; 0           ; 0            ; 0       ; 0         ; 0    ; 0            ; |calculator|selector:selector|multiply:multiplication|sum4bits:adittion_2|fullAdder:full4 ; work         ;
;          |sum4bits:adittion_3|             ; 7 (0)             ; 0 (0)        ; 0           ; 0            ; 0       ; 0         ; 0    ; 0            ; |calculator|selector:selector|multiply:multiplication|sum4bits:adittion_3                 ; work         ;
;             |fullAdder:full1|              ; 2 (2)             ; 0 (0)        ; 0           ; 0            ; 0       ; 0         ; 0    ; 0            ; |calculator|selector:selector|multiply:multiplication|sum4bits:adittion_3|fullAdder:full1 ; work         ;
;             |fullAdder:full2|              ; 5 (5)             ; 0 (0)        ; 0           ; 0            ; 0       ; 0         ; 0    ; 0            ; |calculator|selector:selector|multiply:multiplication|sum4bits:adittion_3|fullAdder:full2 ; work         ;
;       |sum4bits:adittion|                  ; 6 (0)             ; 0 (0)        ; 0           ; 0            ; 0       ; 0         ; 0    ; 0            ; |calculator|selector:selector|sum4bits:adittion                                           ; work         ;
;          |fullAdder:full1|                 ; 1 (1)             ; 0 (0)        ; 0           ; 0            ; 0       ; 0         ; 0    ; 0            ; |calculator|selector:selector|sum4bits:adittion|fullAdder:full1                           ; work         ;
;          |fullAdder:full2|                 ; 5 (5)             ; 0 (0)        ; 0           ; 0            ; 0       ; 0         ; 0    ; 0            ; |calculator|selector:selector|sum4bits:adittion|fullAdder:full2                           ; work         ;
;       |sum4bits:substraction|              ; 5 (0)             ; 0 (0)        ; 0           ; 0            ; 0       ; 0         ; 0    ; 0            ; |calculator|selector:selector|sum4bits:substraction                                       ; work         ;
;          |fullAdder:full1|                 ; 1 (1)             ; 0 (0)        ; 0           ; 0            ; 0       ; 0         ; 0    ; 0            ; |calculator|selector:selector|sum4bits:substraction|fullAdder:full1                       ; work         ;
;          |fullAdder:full2|                 ; 2 (2)             ; 0 (0)        ; 0           ; 0            ; 0       ; 0         ; 0    ; 0            ; |calculator|selector:selector|sum4bits:substraction|fullAdder:full2                       ; work         ;
;          |fullAdder:full3|                 ; 1 (1)             ; 0 (0)        ; 0           ; 0            ; 0       ; 0         ; 0    ; 0            ; |calculator|selector:selector|sum4bits:substraction|fullAdder:full3                       ; work         ;
;          |fullAdder:full4|                 ; 1 (1)             ; 0 (0)        ; 0           ; 0            ; 0       ; 0         ; 0    ; 0            ; |calculator|selector:selector|sum4bits:substraction|fullAdder:full4                       ; work         ;
+--------------------------------------------+-------------------+--------------+-------------+--------------+---------+-----------+------+--------------+-------------------------------------------------------------------------------------------+--------------+
Note: For table entries with two numbers listed, the numbers in parentheses indicate the number of resources of the given type used by the specific entity alone. The numbers listed outside of parentheses indicate the total resources of the given type used by the specific entity and all of its sub-entities in the hierarchy.


+------------------------------------------------------+
; General Register Statistics                          ;
+----------------------------------------------+-------+
; Statistic                                    ; Value ;
+----------------------------------------------+-------+
; Total registers                              ; 0     ;
; Number of registers using Synchronous Clear  ; 0     ;
; Number of registers using Synchronous Load   ; 0     ;
; Number of registers using Asynchronous Clear ; 0     ;
; Number of registers using Asynchronous Load  ; 0     ;
; Number of registers using Clock Enable       ; 0     ;
; Number of registers using Preset             ; 0     ;
+----------------------------------------------+-------+


+---------------------------------------------------------------------------------------------------------------------------------------------------------+
; Multiplexer Restructuring Statistics (Restructuring Performed)                                                                                          ;
+--------------------+-----------+---------------+----------------------+------------------------+------------+-------------------------------------------+
; Multiplexer Inputs ; Bus Width ; Baseline Area ; Area if Restructured ; Saving if Restructured ; Registered ; Example Multiplexer Output                ;
+--------------------+-----------+---------------+----------------------+------------------------+------------+-------------------------------------------+
; 4:1                ; 4 bits    ; 8 LEs         ; 8 LEs                ; 0 LEs                  ; No         ; |calculator|selector:selector|result_2[3] ;
+--------------------+-----------+---------------+----------------------+------------------------+------------+-------------------------------------------+


+------------------------------------------------------------------------+
; Port Connectivity Checks: "selector:selector|decen_uni:decen_uni_suma" ;
+-----------+-------+----------+-----------------------------------------+
; Port      ; Type  ; Severity ; Details                                 ;
+-----------+-------+----------+-----------------------------------------+
; num[7..5] ; Input ; Info     ; Stuck at GND                            ;
+-----------+-------+----------+-----------------------------------------+


+-----------------------------------------------------------------------------------------------------------------+
; Port Connectivity Checks: "selector:selector|mayor_o_menor:decision"                                            ;
+-------+--------+----------+-------------------------------------------------------------------------------------+
; Port  ; Type   ; Severity ; Details                                                                             ;
+-------+--------+----------+-------------------------------------------------------------------------------------+
; mayor ; Output ; Info     ; Connected to dangling logic. Logic that only feeds a dangling port will be removed. ;
+-------+--------+----------+-------------------------------------------------------------------------------------+


+-------------------------------------------------------------------------------------------+
; Port Connectivity Checks: "selector:selector|multiply:multiplication|sum4bits:adittion_3" ;
+------+-------+----------+-----------------------------------------------------------------+
; Port ; Type  ; Severity ; Details                                                         ;
+------+-------+----------+-----------------------------------------------------------------+
; cin  ; Input ; Info     ; Stuck at GND                                                    ;
+------+-------+----------+-----------------------------------------------------------------+


+-------------------------------------------------------------------------------------------+
; Port Connectivity Checks: "selector:selector|multiply:multiplication|sum4bits:adittion_2" ;
+------+-------+----------+-----------------------------------------------------------------+
; Port ; Type  ; Severity ; Details                                                         ;
+------+-------+----------+-----------------------------------------------------------------+
; cin  ; Input ; Info     ; Stuck at GND                                                    ;
+------+-------+----------+-----------------------------------------------------------------+


+-------------------------------------------------------------------------------------------+
; Port Connectivity Checks: "selector:selector|multiply:multiplication|sum4bits:adittion_1" ;
+------+-------+----------+-----------------------------------------------------------------+
; Port ; Type  ; Severity ; Details                                                         ;
+------+-------+----------+-----------------------------------------------------------------+
; a[3] ; Input ; Info     ; Stuck at GND                                                    ;
; cin  ; Input ; Info     ; Stuck at GND                                                    ;
+------+-------+----------+-----------------------------------------------------------------+


+----------------------------------------------------------------------------------------------------------------+
; Port Connectivity Checks: "selector:selector|sum4bits:substraction"                                            ;
+------+--------+----------+-------------------------------------------------------------------------------------+
; Port ; Type   ; Severity ; Details                                                                             ;
+------+--------+----------+-------------------------------------------------------------------------------------+
; cin  ; Input  ; Info     ; Stuck at VCC                                                                        ;
; cout ; Output ; Info     ; Connected to dangling logic. Logic that only feeds a dangling port will be removed. ;
+------+--------+----------+-------------------------------------------------------------------------------------+


+-----------------------------------------------------------------+
; Port Connectivity Checks: "selector:selector|sum4bits:adittion" ;
+------+-------+----------+---------------------------------------+
; Port ; Type  ; Severity ; Details                               ;
+------+-------+----------+---------------------------------------+
; cin  ; Input ; Info     ; Stuck at GND                          ;
+------+-------+----------+---------------------------------------+


+-------------------------------+
; Elapsed Time Per Partition    ;
+----------------+--------------+
; Partition Name ; Elapsed Time ;
+----------------+--------------+
; Top            ; 00:00:02     ;
+----------------+--------------+


+-------------------------------+
; Analysis & Synthesis Messages ;
+-------------------------------+
Info: *******************************************************************
Info: Running Quartus II 64-Bit Analysis & Synthesis
    Info: Version 13.1.0 Build 162 10/23/2013 SJ Web Edition
    Info: Processing started: Wed Sep 08 11:51:45 2021
Info: Command: quartus_map --read_settings_files=on --write_settings_files=off Proyecto -c Proyecto
Info (11104): Parallel Compilation has detected 8 hyper-threaded processors. However, the extra hyper-threaded processors will not be used by default. Parallel Compilation will use 4 of the 4 physical processors detected instead.
Info (12021): Found 2 design units, including 1 entities, in source file calculator.vhd
    Info (12022): Found design unit 1: calculator-behaviour
    Info (12023): Found entity 1: calculator
Info (12021): Found 2 design units, including 1 entities, in source file multiply.vhd
    Info (12022): Found design unit 1: multiply-structural
    Info (12023): Found entity 1: multiply
Info (12021): Found 2 design units, including 1 entities, in source file multiply_test_bench.vhd
    Info (12022): Found design unit 1: multiply_test_bench-structural
    Info (12023): Found entity 1: multiply_test_bench
Info (12021): Found 2 design units, including 1 entities, in source file mayor_o_menor.vhd
    Info (12022): Found design unit 1: mayor_o_menor-structural
    Info (12023): Found entity 1: mayor_o_menor
Info (12021): Found 2 design units, including 1 entities, in source file twobitequality.vhd
    Info (12022): Found design unit 1: twoBitEquality-structural
    Info (12023): Found entity 1: twoBitEquality
Info (12021): Found 2 design units, including 1 entities, in source file onebitequality.vhd
    Info (12022): Found design unit 1: oneBitEquality-gateLevel
    Info (12023): Found entity 1: oneBitEquality
Info (12021): Found 2 design units, including 1 entities, in source file bin_to_sseg.vhd
    Info (12022): Found design unit 1: bin_to_sseg-behaviour
    Info (12023): Found entity 1: bin_to_sseg
Info (12021): Found 2 design units, including 1 entities, in source file fulladder.vhd
    Info (12022): Found design unit 1: fullAdder-functional
    Info (12023): Found entity 1: fullAdder
Info (12021): Found 2 design units, including 1 entities, in source file sum4bits.vhd
    Info (12022): Found design unit 1: sum4bits-getLevel
    Info (12023): Found entity 1: sum4bits
Info (12021): Found 2 design units, including 1 entities, in source file selector.vhd
    Info (12022): Found design unit 1: selector-behaviour
    Info (12023): Found entity 1: selector
Info (12021): Found 2 design units, including 1 entities, in source file complements.vhd
    Info (12022): Found design unit 1: complements-getLevel
    Info (12023): Found entity 1: complements
Info (12021): Found 2 design units, including 1 entities, in source file decen_uni.vhd
    Info (12022): Found design unit 1: decen_uni-behaviour
    Info (12023): Found entity 1: decen_uni
Info (12021): Found 2 design units, including 1 entities, in source file sum8bits.vhd
    Info (12022): Found design unit 1: sum8bits-getLevel
    Info (12023): Found entity 1: sum8bits
Info (12021): Found 2 design units, including 1 entities, in source file sum8bits_tb.vhd
    Info (12022): Found design unit 1: sum8bits_tb-structural
    Info (12023): Found entity 1: sum8bits_tb
Info (12021): Found 2 design units, including 1 entities, in source file bin_to_sseg_ans.vhd
    Info (12022): Found design unit 1: bin_to_sseg_ans-behaviour
    Info (12023): Found entity 1: bin_to_sseg_ans
Info (12127): Elaborating entity "calculator" for the top level hierarchy
Info (12128): Elaborating entity "selector" for hierarchy "selector:selector"
Warning (10036): Verilog HDL or VHDL warning at selector.vhd(27): object "Mayor" assigned a value but never read
Warning (10036): Verilog HDL or VHDL warning at selector.vhd(27): object "Coutr" assigned a value but never read
Warning (10492): VHDL Process Statement warning at selector.vhd(58): signal "add_dec" is read inside the Process Statement but isn't in the Process Statement's sensitivity list
Warning (10492): VHDL Process Statement warning at selector.vhd(59): signal "add_uni" is read inside the Process Statement but isn't in the Process Statement's sensitivity list
Warning (10492): VHDL Process Statement warning at selector.vhd(62): signal "Menor" is read inside the Process Statement but isn't in the Process Statement's sensitivity list
Warning (10492): VHDL Process Statement warning at selector.vhd(64): signal "negativo" is read inside the Process Statement but isn't in the Process Statement's sensitivity list
Warning (10492): VHDL Process Statement warning at selector.vhd(67): signal "s" is read inside the Process Statement but isn't in the Process Statement's sensitivity list
Warning (10492): VHDL Process Statement warning at selector.vhd(70): signal "mul_dec" is read inside the Process Statement but isn't in the Process Statement's sensitivity list
Warning (10492): VHDL Process Statement warning at selector.vhd(71): signal "mul_uni" is read inside the Process Statement but isn't in the Process Statement's sensitivity list
Info (12128): Elaborating entity "sum4bits" for hierarchy "selector:selector|sum4bits:adittion"
Info (12128): Elaborating entity "fullAdder" for hierarchy "selector:selector|sum4bits:adittion|fullAdder:full1"
Info (12128): Elaborating entity "multiply" for hierarchy "selector:selector|multiply:multiplication"
Info (12128): Elaborating entity "mayor_o_menor" for hierarchy "selector:selector|mayor_o_menor:decision"
Info (12128): Elaborating entity "complements" for hierarchy "selector:selector|complements:complemento"
Info (12128): Elaborating entity "decen_uni" for hierarchy "selector:selector|decen_uni:decen_uni_multiplicacion"
Info (12128): Elaborating entity "bin_to_sseg" for hierarchy "bin_to_sseg:number_1"
Info (12128): Elaborating entity "bin_to_sseg_ans" for hierarchy "bin_to_sseg_ans:number_3"
Info (286030): Timing-Driven Synthesis is running
Info (16010): Generating hard_block partition "hard_block:auto_generated_inst"
    Info (16011): Adding 0 node(s), including 0 DDIO, 0 PLL, 0 transceiver and 0 LCELL
Info (21057): Implemented 168 device resources after synthesis - the final resource count might be different
    Info (21058): Implemented 10 input pins
    Info (21059): Implemented 28 output pins
    Info (21061): Implemented 130 logic cells
Info: Quartus II 64-Bit Analysis & Synthesis was successful. 0 errors, 9 warnings
    Info: Peak virtual memory: 4666 megabytes
    Info: Processing ended: Wed Sep 08 11:51:51 2021
    Info: Elapsed time: 00:00:06
    Info: Total CPU time (on all processors): 00:00:05


